# JRE version: OpenJDK Runtime Environment (15.0.2+7) (build 15.0.2+7-27)
# Java VM: OpenJDK 64-Bit Server VM (15.0.2+7-27, mixed mode, tiered, compressed oops, g1 gc, windows-amd64)
GC Precious Log:
 CPUs: 4 total, 4 available
 Memory: 16286M
 Large Page Support: Disabled
 NUMA Support: Disabled
 Compressed Oops: Enabled (Zero based)
 Heap Region Size: 2M
 Heap Min Capacity: 8M
 Heap Initial Capacity: 256M
 Heap Max Capacity: 4072M
 Pre-touch: Disabled
 Parallel Workers: 4
 Concurrent Workers: 1
 Concurrent Refinement Workers: 4
 Periodic GC: Disabled
Heap:
 garbage-first heap   total 20480K, used 4655K [0x0000000701800000, 0x0000000800000000)
  region size 2048K, 2 young (4096K), 1 survivors (2048K)
 Metaspace       used 21536K, capacity 21949K, committed 22192K, reserved 1069056K
  class space    used 1717K, capacity 1834K, committed 1920K, reserved 1048576K
GC Heap History (20 events):
Event: 376.549 GC heap before
{Heap before GC invocations=12 (full 1):
 garbage-first heap   total 20480K, used 14777K [0x0000000701800000, 0x0000000800000000)
  region size 2048K, 5 young (10240K), 0 survivors (0K)
 Metaspace       used 21534K, capacity 21948K, committed 22192K, reserved 1069056K
  class space    used 1717K, capacity 1834K, committed 1920K, reserved 1048576K
}
Event: 376.550 GC heap after
{Heap after GC invocations=13 (full 1):
 garbage-first heap   total 20480K, used 4571K [0x0000000701800000, 0x0000000800000000)
  region size 2048K, 1 young (2048K), 1 survivors (2048K)
 Metaspace       used 21534K, capacity 21948K, committed 22192K, reserved 1069056K
  class space    used 1717K, capacity 1834K, committed 1920K, reserved 1048576K
}
Event: 389.014 GC heap before
{Heap before GC invocations=13 (full 1):
 garbage-first heap   total 20480K, used 12763K [0x0000000701800000, 0x0000000800000000)
  region size 2048K, 5 young (10240K), 1 survivors (2048K)
 Metaspace       used 21534K, capacity 21948K, committed 22192K, reserved 1069056K
  class space    used 1717K, capacity 1834K, committed 1920K, reserved 1048576K
}
Event: 389.014 GC heap after
{Heap after GC invocations=14 (full 1):
 garbage-first heap   total 20480K, used 4570K [0x0000000701800000, 0x0000000800000000)
  region size 2048K, 1 young (2048K), 1 survivors (2048K)
 Metaspace       used 21534K, capacity 21948K, committed 22192K, reserved 1069056K
  class space    used 1717K, capacity 1834K, committed 1920K, reserved 1048576K
}
Event: 404.261 GC heap before
{Heap before GC invocations=14 (full 1):
 garbage-first heap   total 20480K, used 12762K [0x0000000701800000, 0x0000000800000000)
  region size 2048K, 5 young (10240K), 1 survivors (2048K)
 Metaspace       used 21534K, capacity 21948K, committed 22192K, reserved 1069056K
  class space    used 1717K, capacity 1834K, committed 1920K, reserved 1048576K
}
Event: 404.262 GC heap after
{Heap after GC invocations=15 (full 1):
 garbage-first heap   total 20480K, used 4576K [0x0000000701800000, 0x0000000800000000)
  region size 2048K, 1 young (2048K), 1 survivors (2048K)
 Metaspace       used 21534K, capacity 21948K, committed 22192K, reserved 1069056K
  class space    used 1717K, capacity 1834K, committed 1920K, reserved 1048576K
}
Event: 420.675 GC heap before
{Heap before GC invocations=15 (full 1):
 garbage-first heap   total 20480K, used 12768K [0x0000000701800000, 0x0000000800000000)
  region size 2048K, 5 young (10240K), 1 survivors (2048K)
 Metaspace       used 21534K, capacity 21948K, committed 22192K, reserved 1069056K
  class space    used 1717K, capacity 1834K, committed 1920K, reserved 1048576K
}
Event: 420.676 GC heap after
{Heap after GC invocations=16 (full 1):
 garbage-first heap   total 20480K, used 4590K [0x0000000701800000, 0x0000000800000000)
  region size 2048K, 1 young (2048K), 1 survivors (2048K)
 Metaspace       used 21534K, capacity 21948K, committed 22192K, reserved 1069056K
  class space    used 1717K, capacity 1834K, committed 1920K, reserved 1048576K
}
Event: 431.721 GC heap before
{Heap before GC invocations=16 (full 1):
 garbage-first heap   total 20480K, used 12782K [0x0000000701800000, 0x0000000800000000)
  region size 2048K, 5 young (10240K), 1 survivors (2048K)
 Metaspace       used 21534K, capacity 21948K, committed 22192K, reserved 1069056K
  class space    used 1717K, capacity 1834K, committed 1920K, reserved 1048576K
}
Event: 431.722 GC heap after
{Heap after GC invocations=17 (full 1):
 garbage-first heap   total 20480K, used 4598K [0x0000000701800000, 0x0000000800000000)
  region size 2048K, 1 young (2048K), 1 survivors (2048K)
 Metaspace       used 21534K, capacity 21948K, committed 22192K, reserved 1069056K
  class space    used 1717K, capacity 1834K, committed 1920K, reserved 1048576K
}
Event: 446.503 GC heap before
{Heap before GC invocations=17 (full 1):
 garbage-first heap   total 20480K, used 12790K [0x0000000701800000, 0x0000000800000000)
  region size 2048K, 5 young (10240K), 1 survivors (2048K)
 Metaspace       used 21534K, capacity 21948K, committed 22192K, reserved 1069056K
  class space    used 1717K, capacity 1834K, committed 1920K, reserved 1048576K
}
Event: 446.503 GC heap after
{Heap after GC invocations=18 (full 1):
 garbage-first heap   total 20480K, used 4608K [0x0000000701800000, 0x0000000800000000)
  region size 2048K, 1 young (2048K), 1 survivors (2048K)
 Metaspace       used 21534K, capacity 21948K, committed 22192K, reserved 1069056K
  class space    used 1717K, capacity 1834K, committed 1920K, reserved 1048576K
}
Event: 459.615 GC heap before
{Heap before GC invocations=18 (full 1):
 garbage-first heap   total 20480K, used 12800K [0x0000000701800000, 0x0000000800000000)
  region size 2048K, 5 young (10240K), 1 survivors (2048K)
 Metaspace       used 21534K, capacity 21948K, committed 22192K, reserved 1069056K
  class space    used 1717K, capacity 1834K, committed 1920K, reserved 1048576K
}
Event: 459.615 GC heap after
{Heap after GC invocations=19 (full 1):
 garbage-first heap   total 20480K, used 4628K [0x0000000701800000, 0x0000000800000000)
  region size 2048K, 1 young (2048K), 1 survivors (2048K)
 Metaspace       used 21534K, capacity 21948K, committed 22192K, reserved 1069056K
  class space    used 1717K, capacity 1834K, committed 1920K, reserved 1048576K
}
Event: 476.893 GC heap before
{Heap before GC invocations=19 (full 1):
 garbage-first heap   total 20480K, used 12820K [0x0000000701800000, 0x0000000800000000)
  region size 2048K, 5 young (10240K), 1 survivors (2048K)
 Metaspace       used 21535K, capacity 21949K, committed 22192K, reserved 1069056K
  class space    used 1717K, capacity 1834K, committed 1920K, reserved 1048576K
}
Event: 476.895 GC heap after
{Heap after GC invocations=20 (full 1):
 garbage-first heap   total 20480K, used 4636K [0x0000000701800000, 0x0000000800000000)
  region size 2048K, 1 young (2048K), 1 survivors (2048K)
 Metaspace       used 21535K, capacity 21949K, committed 22192K, reserved 1069056K
  class space    used 1717K, capacity 1834K, committed 1920K, reserved 1048576K
}
Event: 489.286 GC heap before
{Heap before GC invocations=20 (full 1):
 garbage-first heap   total 20480K, used 12828K [0x0000000701800000, 0x0000000800000000)
  region size 2048K, 5 young (10240K), 1 survivors (2048K)
 Metaspace       used 21536K, capacity 21949K, committed 22192K, reserved 1069056K
  class space    used 1717K, capacity 1834K, committed 1920K, reserved 1048576K
}
Event: 489.287 GC heap after
{Heap after GC invocations=21 (full 1):
 garbage-first heap   total 20480K, used 4650K [0x0000000701800000, 0x0000000800000000)
  region size 2048K, 1 young (2048K), 1 survivors (2048K)
 Metaspace       used 21536K, capacity 21949K, committed 22192K, reserved 1069056K
  class space    used 1717K, capacity 1834K, committed 1920K, reserved 1048576K
}
Event: 502.496 GC heap before
{Heap before GC invocations=21 (full 1):
 garbage-first heap   total 20480K, used 12842K [0x0000000701800000, 0x0000000800000000)
  region size 2048K, 5 young (10240K), 1 survivors (2048K)
 Metaspace       used 21536K, capacity 21949K, committed 22192K, reserved 1069056K
  class space    used 1717K, capacity 1834K, committed 1920K, reserved 1048576K
}
Event: 502.497 GC heap after
{Heap after GC invocations=22 (full 1):
 garbage-first heap   total 20480K, used 4655K [0x0000000701800000, 0x0000000800000000)
  region size 2048K, 1 young (2048K), 1 survivors (2048K)
 Metaspace       used 21536K, capacity 21949K, committed 22192K, reserved 1069056K
  class space    used 1717K, capacity 1834K, committed 1920K, reserved 1048576K
}

